2025-06-30 13:39:12.895  INFO 7520 --- [main] c.e.J.O.A.JobOffersAggregatorApplication : Starting JobOffersAggregatorApplication using Java 23.0.2 on TECNO with PID 7520 (C:\Users\ivdim\IdeaProjects\Job-Offers-Aggregator\target\classes started by ivdim in C:\Users\ivdim\IdeaProjects\Job-Offers-Aggregator)
2025-06-30 13:39:12.900 DEBUG 7520 --- [main] c.e.J.O.A.JobOffersAggregatorApplication : Running with Spring Boot v2.7.18, Spring v5.3.31
2025-06-30 13:39:12.900  INFO 7520 --- [main] c.e.J.O.A.JobOffersAggregatorApplication : No active profile set, falling back to 1 default profile: "default"
2025-06-30 13:39:13.524  INFO 7520 --- [main] .s.d.r.c.RepositoryConfigurationDelegate : Bootstrapping Spring Data JPA repositories in DEFAULT mode.
2025-06-30 13:39:13.679  INFO 7520 --- [main] .s.d.r.c.RepositoryConfigurationDelegate : Finished Spring Data repository scanning in 146 ms. Found 3 JPA repository interfaces.
2025-06-30 13:39:14.100  INFO 7520 --- [main] o.s.b.w.embedded.tomcat.TomcatWebServer  : Tomcat initialized with port(s): 8080 (http)
2025-06-30 13:39:14.107  INFO 7520 --- [main] o.apache.catalina.core.StandardService   : Starting service [Tomcat]
2025-06-30 13:39:14.107  INFO 7520 --- [main] org.apache.catalina.core.StandardEngine  : Starting Servlet engine: [Apache Tomcat/9.0.83]
2025-06-30 13:39:14.213  INFO 7520 --- [main] o.a.c.c.C.[Tomcat].[localhost].[/]       : Initializing Spring embedded WebApplicationContext
2025-06-30 13:39:14.214  INFO 7520 --- [main] w.s.c.ServletWebServerApplicationContext : Root WebApplicationContext: initialization completed in 1269 ms
2025-06-30 13:39:14.356  INFO 7520 --- [main] o.hibernate.jpa.internal.util.LogHelper  : HHH000204: Processing PersistenceUnitInfo [name: default]
2025-06-30 13:39:14.401  INFO 7520 --- [main] org.hibernate.Version                    : HHH000412: Hibernate ORM core version 5.6.15.Final
2025-06-30 13:39:14.538  INFO 7520 --- [main] o.hibernate.annotations.common.Version   : HCANN000001: Hibernate Commons Annotations {5.1.2.Final}
2025-06-30 13:39:14.639  INFO 7520 --- [main] com.zaxxer.hikari.HikariDataSource       : HikariPool-1 - Starting...
2025-06-30 13:39:14.822  INFO 7520 --- [main] com.zaxxer.hikari.HikariDataSource       : HikariPool-1 - Start completed.
2025-06-30 13:39:14.839  INFO 7520 --- [main] org.hibernate.dialect.Dialect            : HHH000400: Using dialect: org.hibernate.dialect.PostgreSQLDialect
2025-06-30 13:39:15.404  INFO 7520 --- [main] o.h.e.t.j.p.i.JtaPlatformInitiator       : HHH000490: Using JtaPlatform implementation: [org.hibernate.engine.transaction.jta.platform.internal.NoJtaPlatform]
2025-06-30 13:39:15.411  INFO 7520 --- [main] j.LocalContainerEntityManagerFactoryBean : Initialized JPA EntityManagerFactory for persistence unit 'default'
2025-06-30 13:39:17.501  INFO 7520 --- [main] c.e.J.O.A.service.HhParserService        : HhParserService initialized
2025-06-30 13:39:17.628  WARN 7520 --- [main] JpaBaseConfiguration$JpaWebConfiguration : spring.jpa.open-in-view is enabled by default. Therefore, database queries may be performed during view rendering. Explicitly configure spring.jpa.open-in-view to disable this warning
2025-06-30 13:39:18.180  INFO 7520 --- [main] o.s.b.w.embedded.tomcat.TomcatWebServer  : Tomcat started on port(s): 8080 (http) with context path ''
2025-06-30 13:39:18.193  INFO 7520 --- [main] c.e.J.O.A.JobOffersAggregatorApplication : Started JobOffersAggregatorApplication in 5.64 seconds (JVM running for 6.548)
2025-06-30 13:40:43.875  INFO 7520 --- [SpringApplicationShutdownHook] j.LocalContainerEntityManagerFactoryBean : Closing JPA EntityManagerFactory for persistence unit 'default'
2025-06-30 13:40:43.878  INFO 7520 --- [SpringApplicationShutdownHook] com.zaxxer.hikari.HikariDataSource       : HikariPool-1 - Shutdown initiated...
2025-06-30 13:40:43.881  INFO 7520 --- [SpringApplicationShutdownHook] com.zaxxer.hikari.HikariDataSource       : HikariPool-1 - Shutdown completed.
